d:\docs\0uni\2o\tpv i\k\cargame_template_v0\cargame\debug\vc142.pdb
d:\docs\0uni\2o\tpv i\k\cargame_template_v0\cargame\debug\vc142.idb
d:\docs\0uni\2o\tpv i\k\cargame_template_v0\cargame\debug\goodobject.obj
d:\docs\0uni\2o\tpv i\k\cargame_template_v0\cargame\debug\gameobject.obj
d:\docs\0uni\2o\tpv i\k\cargame_template_v0\cargame\debug\gameobjectgenerator.obj
d:\docs\0uni\2o\tpv i\k\cargame_template_v0\cargame\debug\gameobjectcontainer.obj
d:\docs\0uni\2o\tpv i\k\cargame_template_v0\cargame\debug\main.obj
d:\docs\0uni\2o\tpv i\k\cargame_template_v0\cargame\debug\texture.obj
d:\docs\0uni\2o\tpv i\k\cargame_template_v0\cargame\debug\finline.obj
d:\docs\0uni\2o\tpv i\k\cargame_template_v0\cargame\debug\coin.obj
d:\docs\0uni\2o\tpv i\k\cargame_template_v0\cargame\debug\rock.obj
d:\docs\0uni\2o\tpv i\k\cargame_template_v0\cargame\debug\car.obj
d:\docs\0uni\2o\tpv i\k\cargame_template_v0\cargame\debug\badobject.obj
d:\docs\0uni\2o\tpv i\k\cargame_template_v0\cargame\debug\game.obj
d:\docs\0uni\2o\tpv i\k\cargame_template_v0\cargame\debug\acccommand.obj
d:\docs\0uni\2o\tpv i\k\cargame_template_v0\cargame\debug\movecommand.obj
d:\docs\0uni\2o\tpv i\k\cargame_template_v0\cargame\debug\quitcommand.obj
d:\docs\0uni\2o\tpv i\k\cargame_template_v0\cargame\debug\viewcontroller.obj
d:\docs\0uni\2o\tpv i\k\cargame_template_v0\cargame\debug\collider.obj
d:\docs\0uni\2o\tpv i\k\cargame_template_v0\bin\cargamepr1debug.pdb
d:\docs\0uni\2o\tpv i\k\cargame_template_v0\cargame\debug\cargamepr1.tlog\cl.command.1.tlog
d:\docs\0uni\2o\tpv i\k\cargame_template_v0\cargame\debug\cargamepr1.tlog\cl.read.1.tlog
d:\docs\0uni\2o\tpv i\k\cargame_template_v0\cargame\debug\cargamepr1.tlog\cl.write.1.tlog
d:\docs\0uni\2o\tpv i\k\cargame_template_v0\cargame\debug\cargamepr1.tlog\link-cvtres.read.1.tlog
d:\docs\0uni\2o\tpv i\k\cargame_template_v0\cargame\debug\cargamepr1.tlog\link-cvtres.write.1.tlog
d:\docs\0uni\2o\tpv i\k\cargame_template_v0\cargame\debug\cargamepr1.tlog\link-rc.read.1.tlog
d:\docs\0uni\2o\tpv i\k\cargame_template_v0\cargame\debug\cargamepr1.tlog\link-rc.write.1.tlog
d:\docs\0uni\2o\tpv i\k\cargame_template_v0\cargame\debug\cargamepr1.tlog\link.command.1.tlog
d:\docs\0uni\2o\tpv i\k\cargame_template_v0\cargame\debug\cargamepr1.tlog\link.read.1.tlog
d:\docs\0uni\2o\tpv i\k\cargame_template_v0\cargame\debug\cargamepr1.tlog\link.write.1.tlog
